#
# A fatal error has been detected by the Java Runtime Environment:
#
#  EXCEPTION_ACCESS_VIOLATION (0xc0000005) at pc=0x00007ffbafe85c38, pid=14680, tid=13752
#
# JRE version: Java(TM) SE Runtime Environment 18.9 (11.0.15+8) (build 11.0.15+8-LTS-149)
# Java VM: Java HotSpot(TM) 64-Bit Server VM 18.9 (11.0.15+8-LTS-149, mixed mode, tiered, compressed oops, g1 gc, windows-amd64)
# Problematic frame:
# V  [jvm.dll+0x345c38]
#
# No core dump will be written. Minidumps are not enabled by default on client versions of Windows
#
# If you would like to submit a bug report, please visit:
#   https://bugreport.java.com/bugreport/crash.jsp
#

---------------  S U M M A R Y ------------

Command Line: -Dfile.encoding=windows-1252 Z:\EternumGame\target\EternumGame.war

Host: AMD Ryzen 5 3600 6-Core Processor              , 12 cores, 15G,  Windows 10 , 64 bit Build 19041 (10.0.19041.1706)
Time: Sat Jun  4 21:48:05 2022 Hora de verano romance elapsed time: 9.901889 seconds (0d 0h 0m 9s)

---------------  T H R E A D  ---------------

Current thread (0x0000025eb1ca0000):  JavaThread "C2 CompilerThread0" daemon [_thread_in_native, id=13752, stack(0x000000a2d3300000,0x000000a2d3400000)]


Current CompileTask:
C2:   9901 4763   !   4       org.springframework.boot.loader.LaunchedURLClassLoader::loadClass (116 bytes)

Stack: [0x000000a2d3300000,0x000000a2d3400000],  sp=0x000000a2d33fbc70,  free space=1007k
Native frames: (J=compiled Java code, j=interpreted, Vv=VM code, C=native code)
V  [jvm.dll+0x345c38]
V  [jvm.dll+0x345c74]
V  [jvm.dll+0x341504]
V  [jvm.dll+0x18d153]
V  [jvm.dll+0x18cdb4]
V  [jvm.dll+0x1f8672]
V  [jvm.dll+0x1f774d]
V  [jvm.dll+0x177c51]
V  [jvm.dll+0x207026]
V  [jvm.dll+0x2051bb]
V  [jvm.dll+0x729820]
V  [jvm.dll+0x7223f4]
V  [jvm.dll+0x628c26]
C  [ucrtbase.dll+0x21bb2]
C  [KERNEL32.DLL+0x17034]
C  [ntdll.dll+0x52651]


siginfo: EXCEPTION_ACCESS_VIOLATION (0xc0000005), reading address 0xffffffffffffffff


Register to memory mapping:

RIP=0x00007ffbafe85c38 jvm.dll
RAX=0x0800025ebb579120 is an unknown value
RBX=0x000000a2d33fe7f0 is pointing into the stack for thread: 0x0000025eb1ca0000
RCX=0x0000025eb1ca0000 is a thread
RDX=0x0000000000000008 is an unknown value
RSP=0x000000a2d33fbc70 is pointing into the stack for thread: 0x0000025eb1ca0000
RBP=0x000000a2d33fbf20 is pointing into the stack for thread: 0x0000025eb1ca0000
RSI=0x0 is NULL
RDI=0x0000025eba39c510 points into unknown readable memory: 0x000000000000000f | 0f 00 00 00 00 00 00 00
R8 =0x00000000000014ee is an unknown value
R9 =0x00007ffbb0585420 jvm.dll
R10=0x00007ffbafb40000 jvm.dll
R11=0x000000a2d33fbd40 is pointing into the stack for thread: 0x0000025eb1ca0000
R12=0x00007ffbafb40000 jvm.dll
R13=0x000000000000752f is an unknown value
R14=0x000000000000001a is an unknown value
R15=0x00007ffbb0585420 jvm.dll


Registers:
RAX=0x0800025ebb579120, RBX=0x000000a2d33fe7f0, RCX=0x0000025eb1ca0000, RDX=0x0000000000000008
RSP=0x000000a2d33fbc70, RBP=0x000000a2d33fbf20, RSI=0x0000000000000000, RDI=0x0000025eba39c510
R8 =0x00000000000014ee, R9 =0x00007ffbb0585420, R10=0x00007ffbafb40000, R11=0x000000a2d33fbd40
R12=0x00007ffbafb40000, R13=0x000000000000752f, R14=0x000000000000001a, R15=0x00007ffbb0585420
RIP=0x00007ffbafe85c38, EFLAGS=0x0000000000010202

Top of Stack: (sp=0x000000a2d33fbc70)
0x000000a2d33fbc70:   0000025eba2fdf50 0000025eba48c8d0
0x000000a2d33fbc80:   00007ffbafb40000 00007ffbafbab3b6
0x000000a2d33fbc90:   000000000000371a 00007ffbafe85c74
0x000000a2d33fbca0:   000000000000050e 0000000000000516
0x000000a2d33fbcb0:   0000000000000000 00007ffbafccdedd
0x000000a2d33fbcc0:   000000000000371a 00007ffbafe81504
0x000000a2d33fbcd0:   0000025eba39c510 000000a2d33fbf20
0x000000a2d33fbce0:   0000000000000000 0000000000000000
0x000000a2d33fbcf0:   000014ef0000000d 0000000000000008
0x000000a2d33fbd00:   0000025eb58ab500 0000000000000015
0x000000a2d33fbd10:   0000025eb69d0c10 00007ffb00000038
0x000000a2d33fbd20:   0000025eba4f2090 0000000000000000
0x000000a2d33fbd30:   0000000000000000 0000000000227040
0x000000a2d33fbd40:   00007ffbafb40000 00007ffbafccd153
0x000000a2d33fbd50:   0000025ebbd4d090 000000a2d33fc2d0
0x000000a2d33fbd60:   0000000000000000 000000000000000f 

Instructions: (pc=0x00007ffbafe85c38)
0x00007ffbafe85c18:   00 48 8b 98 80 00 00 00 48 8b 83 98 08 00 00 48
0x00007ffbafe85c28:   85 c0 75 0c e8 cf 0a 00 00 48 8b 83 98 08 00 00
0x00007ffbafe85c38:   48 8b 08 48 89 8b 98 08 00 00 33 c9 48 89 08 48
0x00007ffbafe85c48:   89 48 08 48 89 48 10 48 89 48 18 48 83 c4 20 5b 


Stack slot to memory mapping:
stack at sp + 0 slots: 0x0000025eba2fdf50 points into unknown readable memory: 0x0000000000000015 | 15 00 00 00 00 00 00 00
stack at sp + 1 slots: 0x0000025eba48c8d0 points into unknown readable memory: 0x0000000000000009 | 09 00 00 00 00 00 00 00
stack at sp + 2 slots: 0x00007ffbafb40000 jvm.dll
stack at sp + 3 slots: 0x00007ffbafbab3b6 jvm.dll
stack at sp + 4 slots: 0x000000000000371a is an unknown value
stack at sp + 5 slots: 0x00007ffbafe85c74 jvm.dll
stack at sp + 6 slots: 0x000000000000050e is an unknown value
stack at sp + 7 slots: 0x0000000000000516 is an unknown value


---------------  P R O C E S S  ---------------

Threads class SMR info:
_java_thread_list=0x0000025eb1eb7340, length=28, elements={
0x0000025eb1392800, 0x0000025eb1395800, 0x0000025eb1c9a800, 0x0000025eb1c9c800,
0x0000025eb1c9e800, 0x0000025eb1ca0000, 0x0000025eb1cab000, 0x0000025eb1cb4000,
0x0000025eb1e30800, 0x0000025eb5667800, 0x0000025eb69c2000, 0x0000025eb726a800,
0x0000025eb4d64800, 0x0000025eb45f1000, 0x0000025eb6dfe000, 0x0000025eb6ff1800,
0x0000025eb4296800, 0x0000025eb7260000, 0x0000025eb7264000, 0x0000025eb725e800,
0x0000025eb7261800, 0x0000025eb7265000, 0x0000025eb7262800, 0x0000025eb725f000,
0x0000025eb7263000, 0x0000025eb7260800, 0x0000025eb215c800, 0x0000025eb55b1000
}

Java Threads: ( => current thread )
  0x0000025eb1392800 JavaThread "Reference Handler" daemon [_thread_blocked, id=5992, stack(0x000000a2d2e00000,0x000000a2d2f00000)]
  0x0000025eb1395800 JavaThread "Finalizer" daemon [_thread_blocked, id=2632, stack(0x000000a2d2f00000,0x000000a2d3000000)]
  0x0000025eb1c9a800 JavaThread "Signal Dispatcher" daemon [_thread_blocked, id=12356, stack(0x000000a2d3000000,0x000000a2d3100000)]
  0x0000025eb1c9c800 JavaThread "Attach Listener" daemon [_thread_blocked, id=6588, stack(0x000000a2d3100000,0x000000a2d3200000)]
  0x0000025eb1c9e800 JavaThread "Service Thread" daemon [_thread_blocked, id=8436, stack(0x000000a2d3200000,0x000000a2d3300000)]
=>0x0000025eb1ca0000 JavaThread "C2 CompilerThread0" daemon [_thread_in_native, id=13752, stack(0x000000a2d3300000,0x000000a2d3400000)]
  0x0000025eb1cab000 JavaThread "C1 CompilerThread0" daemon [_thread_blocked, id=14508, stack(0x000000a2d3400000,0x000000a2d3500000)]
  0x0000025eb1cb4000 JavaThread "Sweeper thread" daemon [_thread_blocked, id=15356, stack(0x000000a2d3500000,0x000000a2d3600000)]
  0x0000025eb1e30800 JavaThread "Common-Cleaner" daemon [_thread_blocked, id=15188, stack(0x000000a2d3700000,0x000000a2d3800000)]
  0x0000025eb5667800 JavaThread "Catalina-utility-1" [_thread_blocked, id=8100, stack(0x000000a2d3900000,0x000000a2d3a00000)]
  0x0000025eb69c2000 JavaThread "Catalina-utility-2" [_thread_blocked, id=14224, stack(0x000000a2d3f00000,0x000000a2d4000000)]
  0x0000025eb726a800 JavaThread "container-0" [_thread_blocked, id=14908, stack(0x000000a2d4200000,0x000000a2d4300000)]
  0x0000025eb4d64800 JavaThread "http-nio-8081-BlockPoller" daemon [_thread_in_native, id=15784, stack(0x000000a2d4600000,0x000000a2d4700000)]
  0x0000025eb45f1000 JavaThread "http-nio-8081-exec-1" daemon [_thread_blocked, id=12608, stack(0x000000a2d4700000,0x000000a2d4800000)]
  0x0000025eb6dfe000 JavaThread "http-nio-8081-exec-2" daemon [_thread_blocked, id=10052, stack(0x000000a2d4800000,0x000000a2d4900000)]
  0x0000025eb6ff1800 JavaThread "http-nio-8081-exec-3" daemon [_thread_blocked, id=12104, stack(0x000000a2d4900000,0x000000a2d4a00000)]
  0x0000025eb4296800 JavaThread "http-nio-8081-exec-4" daemon [_thread_blocked, id=7748, stack(0x000000a2d4a00000,0x000000a2d4b00000)]
  0x0000025eb7260000 JavaThread "http-nio-8081-exec-5" daemon [_thread_blocked, id=16520, stack(0x000000a2d4b00000,0x000000a2d4c00000)]
  0x0000025eb7264000 JavaThread "http-nio-8081-exec-6" daemon [_thread_blocked, id=14328, stack(0x000000a2d4c00000,0x000000a2d4d00000)]
  0x0000025eb725e800 JavaThread "http-nio-8081-exec-7" daemon [_thread_blocked, id=16784, stack(0x000000a2d4d00000,0x000000a2d4e00000)]
  0x0000025eb7261800 JavaThread "http-nio-8081-exec-8" daemon [_thread_blocked, id=16944, stack(0x000000a2d4e00000,0x000000a2d4f00000)]
  0x0000025eb7265000 JavaThread "http-nio-8081-exec-9" daemon [_thread_blocked, id=612, stack(0x000000a2d4f00000,0x000000a2d5000000)]
  0x0000025eb7262800 JavaThread "http-nio-8081-exec-10" daemon [_thread_blocked, id=14832, stack(0x000000a2d5000000,0x000000a2d5100000)]
  0x0000025eb725f000 JavaThread "http-nio-8081-ClientPoller" daemon [_thread_in_native, id=5852, stack(0x000000a2d5100000,0x000000a2d5200000)]
  0x0000025eb7263000 JavaThread "http-nio-8081-Acceptor" daemon [_thread_in_native, id=9756, stack(0x000000a2d5200000,0x000000a2d5300000)]
  0x0000025eb7260800 JavaThread "DestroyJavaVM" [_thread_blocked, id=9204, stack(0x000000a2d2700000,0x000000a2d2800000)]
  0x0000025eb215c800 JavaThread "C2 CompilerThread1" daemon [_thread_in_native, id=11304, stack(0x000000a2d3800000,0x000000a2d3900000)]
  0x0000025eb55b1000 JavaThread "C2 CompilerThread2" daemon [_thread_in_native, id=14776, stack(0x000000a2d4300000,0x000000a2d4400000)]

Other Threads:
  0x0000025eb13be000 VMThread "VM Thread" [stack: 0x000000a2d2d00000,0x000000a2d2e00000] [id=17920]
  0x0000025eb1e2f000 WatcherThread [stack: 0x000000a2d3600000,0x000000a2d3700000] [id=11720]
  0x0000025e8db19800 GCTaskThread "GC Thread#0" [stack: 0x000000a2d2800000,0x000000a2d2900000] [id=1400]
  0x0000025eb3036800 GCTaskThread "GC Thread#1" [stack: 0x000000a2d3a00000,0x000000a2d3b00000] [id=2344]
  0x0000025eb28de000 GCTaskThread "GC Thread#2" [stack: 0x000000a2d3b00000,0x000000a2d3c00000] [id=8536]
  0x0000025eb2aeb000 GCTaskThread "GC Thread#3" [stack: 0x000000a2d3c00000,0x000000a2d3d00000] [id=15472]
  0x0000025eb2aec000 GCTaskThread "GC Thread#4" [stack: 0x000000a2d3d00000,0x000000a2d3e00000] [id=17724]
  0x0000025eb223a000 GCTaskThread "GC Thread#5" [stack: 0x000000a2d3e00000,0x000000a2d3f00000] [id=9588]
  0x0000025eb4b6e000 GCTaskThread "GC Thread#6" [stack: 0x000000a2d4400000,0x000000a2d4500000] [id=6488]
  0x0000025eb4b4c800 GCTaskThread "GC Thread#7" [stack: 0x000000a2d4500000,0x000000a2d4600000] [id=18184]
  0x0000025e8db79800 ConcurrentGCThread "G1 Main Marker" [stack: 0x000000a2d2900000,0x000000a2d2a00000] [id=4284]
  0x0000025e8db7a800 ConcurrentGCThread "G1 Conc#0" [stack: 0x000000a2d2a00000,0x000000a2d2b00000] [id=2236]
  0x0000025eb452d800 ConcurrentGCThread "G1 Conc#1" [stack: 0x000000a2d4000000,0x000000a2d4100000] [id=14156]
  0x0000025eb44a6800 ConcurrentGCThread "G1 Conc#2" [stack: 0x000000a2d4100000,0x000000a2d4200000] [id=16736]
  0x0000025eb1272800 ConcurrentGCThread "G1 Refine#0" [stack: 0x000000a2d2b00000,0x000000a2d2c00000] [id=12728]
  0x0000025eb1273800 ConcurrentGCThread "G1 Young RemSet Sampling" [stack: 0x000000a2d2c00000,0x000000a2d2d00000] [id=14516]

Threads with active compile tasks:
C2 CompilerThread0   9922 4763   !   4       org.springframework.boot.loader.LaunchedURLClassLoader::loadClass (116 bytes)
C2 CompilerThread1   9922 4899       4       org.eclipse.jdt.internal.compiler.lookup.BinaryTypeBinding::createMethod (1613 bytes)
C2 CompilerThread2   9922 4764   !   4       java.lang.ClassLoader::loadClass (122 bytes)

VM state:not at safepoint (normal execution)

VM Mutex/Monitor currently owned by a thread: None

Heap address: 0x0000000700c00000, size: 4084 MB, Compressed Oops mode: Zero based, Oop shift amount: 3
Narrow klass base: 0x0000000800000000, Narrow klass shift: 0
Compressed class space size: 1073741824 Address: 0x0000000800000000

Heap:
 garbage-first heap   total 315392K, used 35493K [0x0000000700c00000, 0x0000000800000000)
  region size 1024K, 34 young (34816K), 15 survivors (15360K)
 Metaspace       used 47907K, capacity 49072K, committed 49200K, reserved 1093632K
  class space    used 5236K, capacity 5723K, committed 5760K, reserved 1048576K
Heap Regions: E=young(eden), S=young(survivor), O=old, HS=humongous(starts), HC=humongous(continues), CS=collection set, F=free, A=archive, TAMS=top-at-mark-start (previous, next)
|   0|0x0000000700c00000, 0x0000000700d00000, 0x0000000700d00000|100%| O|  |TAMS 0x0000000700c00000, 0x0000000700c00000| Untracked 
|   1|0x0000000700d00000, 0x0000000700e00000, 0x0000000700e00000|100%| O|  |TAMS 0x0000000700d00000, 0x0000000700d00000| Untracked 
|   2|0x0000000700e00000, 0x0000000700e6e600, 0x0000000700f00000| 43%| O|  |TAMS 0x0000000700e00000, 0x0000000700e00000| Untracked 
|   3|0x0000000700f00000, 0x0000000700f00000, 0x0000000701000000|  0%| F|  |TAMS 0x0000000700f00000, 0x0000000700f00000| Untracked 
|   4|0x0000000701000000, 0x0000000701000000, 0x0000000701100000|  0%| F|  |TAMS 0x0000000701000000, 0x0000000701000000| Untracked 
|   5|0x0000000701100000, 0x0000000701100000, 0x0000000701200000|  0%| F|  |TAMS 0x0000000701100000, 0x0000000701100000| Untracked 
|   6|0x0000000701200000, 0x0000000701200000, 0x0000000701300000|  0%| F|  |TAMS 0x0000000701200000, 0x0000000701200000| Untracked 
|   7|0x0000000701300000, 0x0000000701300000, 0x0000000701400000|  0%| F|  |TAMS 0x0000000701300000, 0x0000000701300000| Untracked 
|   8|0x0000000701400000, 0x0000000701400000, 0x0000000701500000|  0%| F|  |TAMS 0x0000000701400000, 0x0000000701400000| Untracked 
|   9|0x0000000701500000, 0x0000000701500000, 0x0000000701600000|  0%| F|  |TAMS 0x0000000701500000, 0x0000000701500000| Untracked 
|  10|0x0000000701600000, 0x0000000701600000, 0x0000000701700000|  0%| F|  |TAMS 0x0000000701600000, 0x0000000701600000| Untracked 
|  11|0x0000000701700000, 0x0000000701700000, 0x0000000701800000|  0%| F|  |TAMS 0x0000000701700000, 0x0000000701700000| Untracked 
|  12|0x0000000701800000, 0x0000000701800000, 0x0000000701900000|  0%| F|  |TAMS 0x0000000701800000, 0x0000000701800000| Untracked 
|  13|0x0000000701900000, 0x0000000701900000, 0x0000000701a00000|  0%| F|  |TAMS 0x0000000701900000, 0x0000000701900000| Untracked 
|  14|0x0000000701a00000, 0x0000000701a00000, 0x0000000701b00000|  0%| F|  |TAMS 0x0000000701a00000, 0x0000000701a00000| Untracked 
|  15|0x0000000701b00000, 0x0000000701b00000, 0x0000000701c00000|  0%| F|  |TAMS 0x0000000701b00000, 0x0000000701b00000| Untracked 
|  16|0x0000000701c00000, 0x0000000701c00000, 0x0000000701d00000|  0%| F|  |TAMS 0x0000000701c00000, 0x0000000701c00000| Untracked 
|  17|0x0000000701d00000, 0x0000000701d00000, 0x0000000701e00000|  0%| F|  |TAMS 0x0000000701d00000, 0x0000000701d00000| Untracked 
|  18|0x0000000701e00000, 0x0000000701e00000, 0x0000000701f00000|  0%| F|  |TAMS 0x0000000701e00000, 0x0000000701e00000| Untracked 
|  19|0x0000000701f00000, 0x0000000701f00000, 0x0000000702000000|  0%| F|  |TAMS 0x0000000701f00000, 0x0000000701f00000| Untracked 
|  20|0x0000000702000000, 0x0000000702000000, 0x0000000702100000|  0%| F|  |TAMS 0x0000000702000000, 0x0000000702000000| Untracked 
|  21|0x0000000702100000, 0x0000000702100000, 0x0000000702200000|  0%| F|  |TAMS 0x0000000702100000, 0x0000000702100000| Untracked 
|  22|0x0000000702200000, 0x0000000702200000, 0x0000000702300000|  0%| F|  |TAMS 0x0000000702200000, 0x0000000702200000| Untracked 
|  23|0x0000000702300000, 0x0000000702300000, 0x0000000702400000|  0%| F|  |TAMS 0x0000000702300000, 0x0000000702300000| Untracked 
|  24|0x0000000702400000, 0x0000000702400000, 0x0000000702500000|  0%| F|  |TAMS 0x0000000702400000, 0x0000000702400000| Untracked 
|  25|0x0000000702500000, 0x0000000702500000, 0x0000000702600000|  0%| F|  |TAMS 0x0000000702500000, 0x0000000702500000| Untracked 
|  26|0x0000000702600000, 0x0000000702600000, 0x0000000702700000|  0%| F|  |TAMS 0x0000000702600000, 0x0000000702600000| Untracked 
|  27|0x0000000702700000, 0x0000000702700000, 0x0000000702800000|  0%| F|  |TAMS 0x0000000702700000, 0x0000000702700000| Untracked 
|  28|0x0000000702800000, 0x0000000702800000, 0x0000000702900000|  0%| F|  |TAMS 0x0000000702800000, 0x0000000702800000| Untracked 
|  29|0x0000000702900000, 0x0000000702900000, 0x0000000702a00000|  0%| F|  |TAMS 0x0000000702900000, 0x0000000702900000| Untracked 
|  30|0x0000000702a00000, 0x0000000702a00000, 0x0000000702b00000|  0%| F|  |TAMS 0x0000000702a00000, 0x0000000702a00000| Untracked 
|  31|0x0000000702b00000, 0x0000000702b00000, 0x0000000702c00000|  0%| F|  |TAMS 0x0000000702b00000, 0x0000000702b00000| Untracked 
|  32|0x0000000702c00000, 0x0000000702c00000, 0x0000000702d00000|  0%| F|  |TAMS 0x0000000702c00000, 0x0000000702c00000| Untracked 
|  33|0x0000000702d00000, 0x0000000702d00000, 0x0000000702e00000|  0%| F|  |TAMS 0x0000000702d00000, 0x0000000702d00000| Untracked 
|  34|0x0000000702e00000, 0x0000000702e00000, 0x0000000702f00000|  0%| F|  |TAMS 0x0000000702e00000, 0x0000000702e00000| Untracked 
|  35|0x0000000702f00000, 0x0000000702f00000, 0x0000000703000000|  0%| F|  |TAMS 0x0000000702f00000, 0x0000000702f00000| Untracked 
|  36|0x0000000703000000, 0x0000000703000000, 0x0000000703100000|  0%| F|  |TAMS 0x0000000703000000, 0x0000000703000000| Untracked 
|  37|0x0000000703100000, 0x0000000703100000, 0x0000000703200000|  0%| F|  |TAMS 0x0000000703100000, 0x0000000703100000| Untracked 
|  38|0x0000000703200000, 0x0000000703200000, 0x0000000703300000|  0%| F|  |TAMS 0x0000000703200000, 0x0000000703200000| Untracked 
|  39|0x0000000703300000, 0x0000000703300000, 0x0000000703400000|  0%| F|  |TAMS 0x0000000703300000, 0x0000000703300000| Untracked 
|  40|0x0000000703400000, 0x0000000703400000, 0x0000000703500000|  0%| F|  |TAMS 0x0000000703400000, 0x0000000703400000| Untracked 
|  41|0x0000000703500000, 0x0000000703500000, 0x0000000703600000|  0%| F|  |TAMS 0x0000000703500000, 0x0000000703500000| Untracked 
|  42|0x0000000703600000, 0x0000000703600000, 0x0000000703700000|  0%| F|  |TAMS 0x0000000703600000, 0x0000000703600000| Untracked 
|  43|0x0000000703700000, 0x0000000703700000, 0x0000000703800000|  0%| F|  |TAMS 0x0000000703700000, 0x0000000703700000| Untracked 
|  44|0x0000000703800000, 0x0000000703800000, 0x0000000703900000|  0%| F|  |TAMS 0x0000000703800000, 0x0000000703800000| Untracked 
|  45|0x0000000703900000, 0x0000000703900000, 0x0000000703a00000|  0%| F|  |TAMS 0x0000000703900000, 0x0000000703900000| Untracked 
|  46|0x0000000703a00000, 0x0000000703a00000, 0x0000000703b00000|  0%| F|  |TAMS 0x0000000703a00000, 0x0000000703a00000| Untracked 
|  47|0x0000000703b00000, 0x0000000703b00000, 0x0000000703c00000|  0%| F|  |TAMS 0x0000000703b00000, 0x0000000703b00000| Untracked 
|  48|0x0000000703c00000, 0x0000000703c00000, 0x0000000703d00000|  0%| F|  |TAMS 0x0000000703c00000, 0x0000000703c00000| Untracked 
|  49|0x0000000703d00000, 0x0000000703d00000, 0x0000000703e00000|  0%| F|  |TAMS 0x0000000703d00000, 0x0000000703d00000| Untracked 
|  50|0x0000000703e00000, 0x0000000703e00000, 0x0000000703f00000|  0%| F|  |TAMS 0x0000000703e00000, 0x0000000703e00000| Untracked 
|  51|0x0000000703f00000, 0x0000000703f00000, 0x0000000704000000|  0%| F|  |TAMS 0x0000000703f00000, 0x0000000703f00000| Untracked 
|  52|0x0000000704000000, 0x0000000704000000, 0x0000000704100000|  0%| F|  |TAMS 0x0000000704000000, 0x0000000704000000| Untracked 
|  53|0x0000000704100000, 0x0000000704100000, 0x0000000704200000|  0%| F|  |TAMS 0x0000000704100000, 0x0000000704100000| Untracked 
|  54|0x0000000704200000, 0x0000000704200000, 0x0000000704300000|  0%| F|  |TAMS 0x0000000704200000, 0x0000000704200000| Untracked 
|  55|0x0000000704300000, 0x0000000704300000, 0x0000000704400000|  0%| F|  |TAMS 0x0000000704300000, 0x0000000704300000| Untracked 
|  56|0x0000000704400000, 0x0000000704400000, 0x0000000704500000|  0%| F|  |TAMS 0x0000000704400000, 0x0000000704400000| Untracked 
|  57|0x0000000704500000, 0x0000000704500000, 0x0000000704600000|  0%| F|  |TAMS 0x0000000704500000, 0x0000000704500000| Untracked 
|  58|0x0000000704600000, 0x0000000704600000, 0x0000000704700000|  0%| F|  |TAMS 0x0000000704600000, 0x0000000704600000| Untracked 
|  59|0x0000000704700000, 0x0000000704700000, 0x0000000704800000|  0%| F|  |TAMS 0x0000000704700000, 0x0000000704700000| Untracked 
|  60|0x0000000704800000, 0x0000000704800000, 0x0000000704900000|  0%| F|  |TAMS 0x0000000704800000, 0x0000000704800000| Untracked 
|  61|0x0000000704900000, 0x0000000704900000, 0x0000000704a00000|  0%| F|  |TAMS 0x0000000704900000, 0x0000000704900000| Untracked 
|  62|0x0000000704a00000, 0x0000000704a00000, 0x0000000704b00000|  0%| F|  |TAMS 0x0000000704a00000, 0x0000000704a00000| Untracked 
|  63|0x0000000704b00000, 0x0000000704b00000, 0x0000000704c00000|  0%| F|  |TAMS 0x0000000704b00000, 0x0000000704b00000| Untracked 
|  64|0x0000000704c00000, 0x0000000704c00000, 0x0000000704d00000|  0%| F|  |TAMS 0x0000000704c00000, 0x0000000704c00000| Untracked 
|  65|0x0000000704d00000, 0x0000000704d00000, 0x0000000704e00000|  0%| F|  |TAMS 0x0000000704d00000, 0x0000000704d00000| Untracked 
|  66|0x0000000704e00000, 0x0000000704e00000, 0x0000000704f00000|  0%| F|  |TAMS 0x0000000704e00000, 0x0000000704e00000| Untracked 
|  67|0x0000000704f00000, 0x0000000704f00000, 0x0000000705000000|  0%| F|  |TAMS 0x0000000704f00000, 0x0000000704f00000| Untracked 
|  68|0x0000000705000000, 0x0000000705000000, 0x0000000705100000|  0%| F|  |TAMS 0x0000000705000000, 0x0000000705000000| Untracked 
|  69|0x0000000705100000, 0x0000000705100000, 0x0000000705200000|  0%| F|  |TAMS 0x0000000705100000, 0x0000000705100000| Untracked 
|  70|0x0000000705200000, 0x0000000705200000, 0x0000000705300000|  0%| F|  |TAMS 0x0000000705200000, 0x0000000705200000| Untracked 
|  71|0x0000000705300000, 0x0000000705300000, 0x0000000705400000|  0%| F|  |TAMS 0x0000000705300000, 0x0000000705300000| Untracked 
|  72|0x0000000705400000, 0x0000000705400000, 0x0000000705500000|  0%| F|  |TAMS 0x0000000705400000, 0x0000000705400000| Untracked 
|  73|0x0000000705500000, 0x0000000705500000, 0x0000000705600000|  0%| F|  |TAMS 0x0000000705500000, 0x0000000705500000| Untracked 
|  74|0x0000000705600000, 0x0000000705600000, 0x0000000705700000|  0%| F|  |TAMS 0x0000000705600000, 0x0000000705600000| Untracked 
|  75|0x0000000705700000, 0x0000000705700000, 0x0000000705800000|  0%| F|  |TAMS 0x0000000705700000, 0x0000000705700000| Untracked 
|  76|0x0000000705800000, 0x0000000705800000, 0x0000000705900000|  0%| F|  |TAMS 0x0000000705800000, 0x0000000705800000| Untracked 
|  77|0x0000000705900000, 0x0000000705900000, 0x0000000705a00000|  0%| F|  |TAMS 0x0000000705900000, 0x0000000705900000| Untracked 
|  78|0x0000000705a00000, 0x0000000705a00000, 0x0000000705b00000|  0%| F|  |TAMS 0x0000000705a00000, 0x0000000705a00000| Untracked 
|  79|0x0000000705b00000, 0x0000000705b00000, 0x0000000705c00000|  0%| F|  |TAMS 0x0000000705b00000, 0x0000000705b00000| Untracked 
|  80|0x0000000705c00000, 0x0000000705c00000, 0x0000000705d00000|  0%| F|  |TAMS 0x0000000705c00000, 0x0000000705c00000| Untracked 
|  81|0x0000000705d00000, 0x0000000705d00000, 0x0000000705e00000|  0%| F|  |TAMS 0x0000000705d00000, 0x0000000705d00000| Untracked 
|  82|0x0000000705e00000, 0x0000000705e00000, 0x0000000705f00000|  0%| F|  |TAMS 0x0000000705e00000, 0x0000000705e00000| Untracked 
|  83|0x0000000705f00000, 0x0000000705f00000, 0x0000000706000000|  0%| F|  |TAMS 0x0000000705f00000, 0x0000000705f00000| Untracked 
|  84|0x0000000706000000, 0x0000000706000000, 0x0000000706100000|  0%| F|  |TAMS 0x0000000706000000, 0x0000000706000000| Untracked 
|  85|0x0000000706100000, 0x0000000706100000, 0x0000000706200000|  0%| F|  |TAMS 0x0000000706100000, 0x0000000706100000| Untracked 
|  86|0x0000000706200000, 0x0000000706200000, 0x0000000706300000|  0%| F|  |TAMS 0x0000000706200000, 0x0000000706200000| Untracked 
|  87|0x0000000706300000, 0x0000000706300000, 0x0000000706400000|  0%| F|  |TAMS 0x0000000706300000, 0x0000000706300000| Untracked 
|  88|0x0000000706400000, 0x0000000706400000, 0x0000000706500000|  0%| F|  |TAMS 0x0000000706400000, 0x0000000706400000| Untracked 
|  89|0x0000000706500000, 0x0000000706500000, 0x0000000706600000|  0%| F|  |TAMS 0x0000000706500000, 0x0000000706500000| Untracked 
|  90|0x0000000706600000, 0x0000000706600000, 0x0000000706700000|  0%| F|  |TAMS 0x0000000706600000, 0x0000000706600000| Untracked 
|  91|0x0000000706700000, 0x0000000706700000, 0x0000000706800000|  0%| F|  |TAMS 0x0000000706700000, 0x0000000706700000| Untracked 
|  92|0x0000000706800000, 0x0000000706800000, 0x0000000706900000|  0%| F|  |TAMS 0x0000000706800000, 0x0000000706800000| Untracked 
|  93|0x0000000706900000, 0x0000000706900000, 0x0000000706a00000|  0%| F|  |TAMS 0x0000000706900000, 0x0000000706900000| Untracked 
|  94|0x0000000706a00000, 0x0000000706a00000, 0x0000000706b00000|  0%| F|  |TAMS 0x0000000706a00000, 0x0000000706a00000| Untracked 
|  95|0x0000000706b00000, 0x0000000706b00000, 0x0000000706c00000|  0%| F|  |TAMS 0x0000000706b00000, 0x0000000706b00000| Untracked 
|  96|0x0000000706c00000, 0x0000000706c00000, 0x0000000706d00000|  0%| F|  |TAMS 0x0000000706c00000, 0x0000000706c00000| Untracked 
|  97|0x0000000706d00000, 0x0000000706d00000, 0x0000000706e00000|  0%| F|  |TAMS 0x0000000706d00000, 0x0000000706d00000| Untracked 
|  98|0x0000000706e00000, 0x0000000706e00000, 0x0000000706f00000|  0%| F|  |TAMS 0x0000000706e00000, 0x0000000706e00000| Untracked 
|  99|0x0000000706f00000, 0x0000000706f00000, 0x0000000707000000|  0%| F|  |TAMS 0x0000000706f00000, 0x0000000706f00000| Untracked 
| 100|0x0000000707000000, 0x0000000707000000, 0x0000000707100000|  0%| F|  |TAMS 0x0000000707000000, 0x0000000707000000| Untracked 
| 101|0x0000000707100000, 0x0000000707100000, 0x0000000707200000|  0%| F|  |TAMS 0x0000000707100000, 0x0000000707100000| Untracked 
| 102|0x0000000707200000, 0x0000000707200000, 0x0000000707300000|  0%| F|  |TAMS 0x0000000707200000, 0x0000000707200000| Untracked 
| 103|0x0000000707300000, 0x000000070733b008, 0x0000000707400000| 23%| S|CS|TAMS 0x0000000707300000, 0x0000000707300000| Complete 
| 104|0x0000000707400000, 0x0000000707500000, 0x0000000707500000|100%| S|CS|TAMS 0x0000000707400000, 0x0000000707400000| Complete 
| 105|0x0000000707500000, 0x0000000707600000, 0x0000000707600000|100%| S|CS|TAMS 0x0000000707500000, 0x0000000707500000| Complete 
| 106|0x0000000707600000, 0x0000000707700000, 0x0000000707700000|100%| S|CS|TAMS 0x0000000707600000, 0x0000000707600000| Complete 
| 107|0x0000000707700000, 0x0000000707800000, 0x0000000707800000|100%| S|CS|TAMS 0x0000000707700000, 0x0000000707700000| Complete 
| 108|0x0000000707800000, 0x0000000707900000, 0x0000000707900000|100%| S|CS|TAMS 0x0000000707800000, 0x0000000707800000| Complete 
| 109|0x0000000707900000, 0x0000000707a00000, 0x0000000707a00000|100%| S|CS|TAMS 0x0000000707900000, 0x0000000707900000| Complete 
| 110|0x0000000707a00000, 0x0000000707b00000, 0x0000000707b00000|100%| S|CS|TAMS 0x0000000707a00000, 0x0000000707a00000| Complete 
| 111|0x0000000707b00000, 0x0000000707c00000, 0x0000000707c00000|100%| S|CS|TAMS 0x0000000707b00000, 0x0000000707b00000| Complete 
| 112|0x0000000707c00000, 0x0000000707d00000, 0x0000000707d00000|100%| S|CS|TAMS 0x0000000707c00000, 0x0000000707c00000| Complete 
| 113|0x0000000707d00000, 0x0000000707e00000, 0x0000000707e00000|100%| S|CS|TAMS 0x0000000707d00000, 0x0000000707d00000| Complete 
| 114|0x0000000707e00000, 0x0000000707f00000, 0x0000000707f00000|100%| S|CS|TAMS 0x0000000707e00000, 0x0000000707e00000| Complete 
| 115|0x0000000707f00000, 0x0000000708000000, 0x0000000708000000|100%| S|CS|TAMS 0x0000000707f00000, 0x0000000707f00000| Complete 
| 116|0x0000000708000000, 0x0000000708100000, 0x0000000708100000|100%| S|CS|TAMS 0x0000000708000000, 0x0000000708000000| Complete 
| 117|0x0000000708100000, 0x0000000708200000, 0x0000000708200000|100%| S|CS|TAMS 0x0000000708100000, 0x0000000708100000| Complete 
| 118|0x0000000708200000, 0x0000000708200000, 0x0000000708300000|  0%| F|  |TAMS 0x0000000708200000, 0x0000000708200000| Untracked 
| 119|0x0000000708300000, 0x0000000708300000, 0x0000000708400000|  0%| F|  |TAMS 0x0000000708300000, 0x0000000708300000| Untracked 
| 120|0x0000000708400000, 0x0000000708400000, 0x0000000708500000|  0%| F|  |TAMS 0x0000000708400000, 0x0000000708400000| Untracked 
| 121|0x0000000708500000, 0x0000000708500000, 0x0000000708600000|  0%| F|  |TAMS 0x0000000708500000, 0x0000000708500000| Untracked 
| 122|0x0000000708600000, 0x0000000708600000, 0x0000000708700000|  0%| F|  |TAMS 0x0000000708600000, 0x0000000708600000| Untracked 
| 123|0x0000000708700000, 0x0000000708700000, 0x0000000708800000|  0%| F|  |TAMS 0x0000000708700000, 0x0000000708700000| Untracked 
| 124|0x0000000708800000, 0x0000000708800000, 0x0000000708900000|  0%| F|  |TAMS 0x0000000708800000, 0x0000000708800000| Untracked 
| 125|0x0000000708900000, 0x0000000708900000, 0x0000000708a00000|  0%| F|  |TAMS 0x0000000708900000, 0x0000000708900000| Untracked 
| 126|0x0000000708a00000, 0x0000000708a00000, 0x0000000708b00000|  0%| F|  |TAMS 0x0000000708a00000, 0x0000000708a00000| Untracked 
| 127|0x0000000708b00000, 0x0000000708b00000, 0x0000000708c00000|  0%| F|  |TAMS 0x0000000708b00000, 0x0000000708b00000| Untracked 
| 128|0x0000000708c00000, 0x0000000708c00000, 0x0000000708d00000|  0%| F|  |TAMS 0x0000000708c00000, 0x0000000708c00000| Untracked 
| 129|0x0000000708d00000, 0x0000000708d00000, 0x0000000708e00000|  0%| F|  |TAMS 0x0000000708d00000, 0x0000000708d00000| Untracked 
| 130|0x0000000708e00000, 0x0000000708e00000, 0x0000000708f00000|  0%| F|  |TAMS 0x0000000708e00000, 0x0000000708e00000| Untracked 
| 131|0x0000000708f00000, 0x0000000708f00000, 0x0000000709000000|  0%| F|  |TAMS 0x0000000708f00000, 0x0000000708f00000| Untracked 
| 132|0x0000000709000000, 0x0000000709000000, 0x0000000709100000|  0%| F|  |TAMS 0x0000000709000000, 0x0000000709000000| Untracked 
| 133|0x0000000709100000, 0x0000000709100000, 0x0000000709200000|  0%| F|  |TAMS 0x0000000709100000, 0x0000000709100000| Untracked 
| 134|0x0000000709200000, 0x0000000709200000, 0x0000000709300000|  0%| F|  |TAMS 0x0000000709200000, 0x0000000709200000| Untracked 
| 135|0x0000000709300000, 0x0000000709300000, 0x0000000709400000|  0%| F|  |TAMS 0x0000000709300000, 0x0000000709300000| Untracked 
| 136|0x0000000709400000, 0x0000000709400000, 0x0000000709500000|  0%| F|  |TAMS 0x0000000709400000, 0x0000000709400000| Untracked 
| 137|0x0000000709500000, 0x0000000709500000, 0x0000000709600000|  0%| F|  |TAMS 0x0000000709500000, 0x0000000709500000| Untracked 
| 138|0x0000000709600000, 0x0000000709600000, 0x0000000709700000|  0%| F|  |TAMS 0x0000000709600000, 0x0000000709600000| Untracked 
| 139|0x0000000709700000, 0x0000000709700000, 0x0000000709800000|  0%| F|  |TAMS 0x0000000709700000, 0x0000000709700000| Untracked 
| 140|0x0000000709800000, 0x0000000709800000, 0x0000000709900000|  0%| F|  |TAMS 0x0000000709800000, 0x0000000709800000| Untracked 
| 141|0x0000000709900000, 0x0000000709900000, 0x0000000709a00000|  0%| F|  |TAMS 0x0000000709900000, 0x0000000709900000| Untracked 
| 142|0x0000000709a00000, 0x0000000709a00000, 0x0000000709b00000|  0%| F|  |TAMS 0x0000000709a00000, 0x0000000709a00000| Untracked 
| 143|0x0000000709b00000, 0x0000000709b00000, 0x0000000709c00000|  0%| F|  |TAMS 0x0000000709b00000, 0x0000000709b00000| Untracked 
| 144|0x0000000709c00000, 0x0000000709c00000, 0x0000000709d00000|  0%| F|  |TAMS 0x0000000709c00000, 0x0000000709c00000| Untracked 
| 145|0x0000000709d00000, 0x0000000709d00000, 0x0000000709e00000|  0%| F|  |TAMS 0x0000000709d00000, 0x0000000709d00000| Untracked 
| 146|0x0000000709e00000, 0x0000000709e00000, 0x0000000709f00000|  0%| F|  |TAMS 0x0000000709e00000, 0x0000000709e00000| Untracked 
| 147|0x0000000709f00000, 0x0000000709f00000, 0x000000070a000000|  0%| F|  |TAMS 0x0000000709f00000, 0x0000000709f00000| Untracked 
| 148|0x000000070a000000, 0x000000070a000000, 0x000000070a100000|  0%| F|  |TAMS 0x000000070a000000, 0x000000070a000000| Untracked 
| 149|0x000000070a100000, 0x000000070a100000, 0x000000070a200000|  0%| F|  |TAMS 0x000000070a100000, 0x000000070a100000| Untracked 
| 150|0x000000070a200000, 0x000000070a200000, 0x000000070a300000|  0%| F|  |TAMS 0x000000070a200000, 0x000000070a200000| Untracked 
| 151|0x000000070a300000, 0x000000070a300000, 0x000000070a400000|  0%| F|  |TAMS 0x000000070a300000, 0x000000070a300000| Untracked 
| 152|0x000000070a400000, 0x000000070a400000, 0x000000070a500000|  0%| F|  |TAMS 0x000000070a400000, 0x000000070a400000| Untracked 
| 153|0x000000070a500000, 0x000000070a500000, 0x000000070a600000|  0%| F|  |TAMS 0x000000070a500000, 0x000000070a500000| Untracked 
| 154|0x000000070a600000, 0x000000070a600000, 0x000000070a700000|  0%| F|  |TAMS 0x000000070a600000, 0x000000070a600000| Untracked 
| 155|0x000000070a700000, 0x000000070a700000, 0x000000070a800000|  0%| F|  |TAMS 0x000000070a700000, 0x000000070a700000| Untracked 
| 156|0x000000070a800000, 0x000000070a800000, 0x000000070a900000|  0%| F|  |TAMS 0x000000070a800000, 0x000000070a800000| Untracked 
| 157|0x000000070a900000, 0x000000070a900000, 0x000000070aa00000|  0%| F|  |TAMS 0x000000070a900000, 0x000000070a900000| Untracked 
| 158|0x000000070aa00000, 0x000000070aa00000, 0x000000070ab00000|  0%| F|  |TAMS 0x000000070aa00000, 0x000000070aa00000| Untracked 
| 159|0x000000070ab00000, 0x000000070ab00000, 0x000000070ac00000|  0%| F|  |TAMS 0x000000070ab00000, 0x000000070ab00000| Untracked 
| 160|0x000000070ac00000, 0x000000070ac00000, 0x000000070ad00000|  0%| F|  |TAMS 0x000000070ac00000, 0x000000070ac00000| Untracked 
| 161|0x000000070ad00000, 0x000000070ad00000, 0x000000070ae00000|  0%| F|  |TAMS 0x000000070ad00000, 0x000000070ad00000| Untracked 
| 162|0x000000070ae00000, 0x000000070ae00000, 0x000000070af00000|  0%| F|  |TAMS 0x000000070ae00000, 0x000000070ae00000| Untracked 
| 163|0x000000070af00000, 0x000000070af00000, 0x000000070b000000|  0%| F|  |TAMS 0x000000070af00000, 0x000000070af00000| Untracked 
| 164|0x000000070b000000, 0x000000070b000000, 0x000000070b100000|  0%| F|  |TAMS 0x000000070b000000, 0x000000070b000000| Untracked 
| 165|0x000000070b100000, 0x000000070b100000, 0x000000070b200000|  0%| F|  |TAMS 0x000000070b100000, 0x000000070b100000| Untracked 
| 166|0x000000070b200000, 0x000000070b200000, 0x000000070b300000|  0%| F|  |TAMS 0x000000070b200000, 0x000000070b200000| Untracked 
| 167|0x000000070b300000, 0x000000070b300000, 0x000000070b400000|  0%| F|  |TAMS 0x000000070b300000, 0x000000070b300000| Untracked 
| 168|0x000000070b400000, 0x000000070b400000, 0x000000070b500000|  0%| F|  |TAMS 0x000000070b400000, 0x000000070b400000| Untracked 
| 169|0x000000070b500000, 0x000000070b500000, 0x000000070b600000|  0%| F|  |TAMS 0x000000070b500000, 0x000000070b500000| Untracked 
| 170|0x000000070b600000, 0x000000070b600000, 0x000000070b700000|  0%| F|  |TAMS 0x000000070b600000, 0x000000070b600000| Untracked 
| 171|0x000000070b700000, 0x000000070b700000, 0x000000070b800000|  0%| F|  |TAMS 0x000000070b700000, 0x000000070b700000| Untracked 
| 172|0x000000070b800000, 0x000000070b800000, 0x000000070b900000|  0%| F|  |TAMS 0x000000070b800000, 0x000000070b800000| Untracked 
| 173|0x000000070b900000, 0x000000070b900000, 0x000000070ba00000|  0%| F|  |TAMS 0x000000070b900000, 0x000000070b900000| Untracked 
| 174|0x000000070ba00000, 0x000000070ba00000, 0x000000070bb00000|  0%| F|  |TAMS 0x000000070ba00000, 0x000000070ba00000| Untracked 
| 175|0x000000070bb00000, 0x000000070bb00000, 0x000000070bc00000|  0%| F|  |TAMS 0x000000070bb00000, 0x000000070bb00000| Untracked 
| 176|0x000000070bc00000, 0x000000070bc00000, 0x000000070bd00000|  0%| F|  |TAMS 0x000000070bc00000, 0x000000070bc00000| Untracked 
| 177|0x000000070bd00000, 0x000000070bd00000, 0x000000070be00000|  0%| F|  |TAMS 0x000000070bd00000, 0x000000070bd00000| Untracked 
| 178|0x000000070be00000, 0x000000070be00000, 0x000000070bf00000|  0%| F|  |TAMS 0x000000070be00000, 0x000000070be00000| Untracked 
| 179|0x000000070bf00000, 0x000000070bf00000, 0x000000070c000000|  0%| F|  |TAMS 0x000000070bf00000, 0x000000070bf00000| Untracked 
| 180|0x000000070c000000, 0x000000070c000000, 0x000000070c100000|  0%| F|  |TAMS 0x000000070c000000, 0x000000070c000000| Untracked 
| 181|0x000000070c100000, 0x000000070c100000, 0x000000070c200000|  0%| F|  |TAMS 0x000000070c100000, 0x000000070c100000| Untracked 
| 182|0x000000070c200000, 0x000000070c200000, 0x000000070c300000|  0%| F|  |TAMS 0x000000070c200000, 0x000000070c200000| Untracked 
| 183|0x000000070c300000, 0x000000070c300000, 0x000000070c400000|  0%| F|  |TAMS 0x000000070c300000, 0x000000070c300000| Untracked 
| 184|0x000000070c400000, 0x000000070c400000, 0x000000070c500000|  0%| F|  |TAMS 0x000000070c400000, 0x000000070c400000| Untracked 
| 185|0x000000070c500000, 0x000000070c500000, 0x000000070c600000|  0%| F|  |TAMS 0x000000070c500000, 0x000000070c500000| Untracked 
| 186|0x000000070c600000, 0x000000070c600000, 0x000000070c700000|  0%| F|  |TAMS 0x000000070c600000, 0x000000070c600000| Untracked 
| 187|0x000000070c700000, 0x000000070c700000, 0x000000070c800000|  0%| F|  |TAMS 0x000000070c700000, 0x000000070c700000| Untracked 
| 188|0x000000070c800000, 0x000000070c800000, 0x000000070c900000|  0%| F|  |TAMS 0x000000070c800000, 0x000000070c800000| Untracked 
| 189|0x000000070c900000, 0x000000070c900000, 0x000000070ca00000|  0%| F|  |TAMS 0x000000070c900000, 0x000000070c900000| Untracked 
| 190|0x000000070ca00000, 0x000000070ca00000, 0x000000070cb00000|  0%| F|  |TAMS 0x000000070ca00000, 0x000000070ca00000| Untracked 
| 191|0x000000070cb00000, 0x000000070cb00000, 0x000000070cc00000|  0%| F|  |TAMS 0x000000070cb00000, 0x000000070cb00000| Untracked 
| 192|0x000000070cc00000, 0x000000070cc00000, 0x000000070cd00000|  0%| F|  |TAMS 0x000000070cc00000, 0x000000070cc00000| Untracked 
| 193|0x000000070cd00000, 0x000000070cd00000, 0x000000070ce00000|  0%| F|  |TAMS 0x000000070cd00000, 0x000000070cd00000| Untracked 
| 194|0x000000070ce00000, 0x000000070ce00000, 0x000000070cf00000|  0%| F|  |TAMS 0x000000070ce00000, 0x000000070ce00000| Untracked 
| 195|0x000000070cf00000, 0x000000070cf00000, 0x000000070d000000|  0%| F|  |TAMS 0x000000070cf00000, 0x000000070cf00000| Untracked 
| 196|0x000000070d000000, 0x000000070d000000, 0x000000070d100000|  0%| F|  |TAMS 0x000000070d000000, 0x000000070d000000| Untracked 
| 197|0x000000070d100000, 0x000000070d100000, 0x000000070d200000|  0%| F|  |TAMS 0x000000070d100000, 0x000000070d100000| Untracked 
| 198|0x000000070d200000, 0x000000070d200000, 0x000000070d300000|  0%| F|  |TAMS 0x000000070d200000, 0x000000070d200000| Untracked 
| 199|0x000000070d300000, 0x000000070d300000, 0x000000070d400000|  0%| F|  |TAMS 0x000000070d300000, 0x000000070d300000| Untracked 
| 200|0x000000070d400000, 0x000000070d400000, 0x000000070d500000|  0%| F|  |TAMS 0x000000070d400000, 0x000000070d400000| Untracked 
| 201|0x000000070d500000, 0x000000070d500000, 0x000000070d600000|  0%| F|  |TAMS 0x000000070d500000, 0x000000070d500000| Untracked 
| 202|0x000000070d600000, 0x000000070d600000, 0x000000070d700000|  0%| F|  |TAMS 0x000000070d600000, 0x000000070d600000| Untracked 
| 203|0x000000070d700000, 0x000000070d700000, 0x000000070d800000|  0%| F|  |TAMS 0x000000070d700000, 0x000000070d700000| Untracked 
| 204|0x000000070d800000, 0x000000070d800000, 0x000000070d900000|  0%| F|  |TAMS 0x000000070d800000, 0x000000070d800000| Untracked 
| 205|0x000000070d900000, 0x000000070d900000, 0x000000070da00000|  0%| F|  |TAMS 0x000000070d900000, 0x000000070d900000| Untracked 
| 206|0x000000070da00000, 0x000000070da00000, 0x000000070db00000|  0%| F|  |TAMS 0x000000070da00000, 0x000000070da00000| Untracked 
| 207|0x000000070db00000, 0x000000070db00000, 0x000000070dc00000|  0%| F|  |TAMS 0x000000070db00000, 0x000000070db00000| Untracked 
| 208|0x000000070dc00000, 0x000000070dc00000, 0x000000070dd00000|  0%| F|  |TAMS 0x000000070dc00000, 0x000000070dc00000| Untracked 
| 209|0x000000070dd00000, 0x000000070dd00000, 0x000000070de00000|  0%| F|  |TAMS 0x000000070dd00000, 0x000000070dd00000| Untracked 
| 210|0x000000070de00000, 0x000000070de00000, 0x000000070df00000|  0%| F|  |TAMS 0x000000070de00000, 0x000000070de00000| Untracked 
| 211|0x000000070df00000, 0x000000070df00000, 0x000000070e000000|  0%| F|  |TAMS 0x000000070df00000, 0x000000070df00000| Untracked 
| 212|0x000000070e000000, 0x000000070e000000, 0x000000070e100000|  0%| F|  |TAMS 0x000000070e000000, 0x000000070e000000| Untracked 
| 213|0x000000070e100000, 0x000000070e100000, 0x000000070e200000|  0%| F|  |TAMS 0x000000070e100000, 0x000000070e100000| Untracked 
| 214|0x000000070e200000, 0x000000070e200000, 0x000000070e300000|  0%| F|  |TAMS 0x000000070e200000, 0x000000070e200000| Untracked 
| 215|0x000000070e300000, 0x000000070e300000, 0x000000070e400000|  0%| F|  |TAMS 0x000000070e300000, 0x000000070e300000| Untracked 
| 216|0x000000070e400000, 0x000000070e400000, 0x000000070e500000|  0%| F|  |TAMS 0x000000070e400000, 0x000000070e400000| Untracked 
| 217|0x000000070e500000, 0x000000070e500000, 0x000000070e600000|  0%| F|  |TAMS 0x000000070e500000, 0x000000070e500000| Untracked 
| 218|0x000000070e600000, 0x000000070e600000, 0x000000070e700000|  0%| F|  |TAMS 0x000000070e600000, 0x000000070e600000| Untracked 
| 219|0x000000070e700000, 0x000000070e700000, 0x000000070e800000|  0%| F|  |TAMS 0x000000070e700000, 0x000000070e700000| Untracked 
| 220|0x000000070e800000, 0x000000070e800000, 0x000000070e900000|  0%| F|  |TAMS 0x000000070e800000, 0x000000070e800000| Untracked 
| 221|0x000000070e900000, 0x000000070e900000, 0x000000070ea00000|  0%| F|  |TAMS 0x000000070e900000, 0x000000070e900000| Untracked 
| 222|0x000000070ea00000, 0x000000070ea00000, 0x000000070eb00000|  0%| F|  |TAMS 0x000000070ea00000, 0x000000070ea00000| Untracked 
| 223|0x000000070eb00000, 0x000000070eb00000, 0x000000070ec00000|  0%| F|  |TAMS 0x000000070eb00000, 0x000000070eb00000| Untracked 
| 224|0x000000070ec00000, 0x000000070ec00000, 0x000000070ed00000|  0%| F|  |TAMS 0x000000070ec00000, 0x000000070ec00000| Untracked 
| 225|0x000000070ed00000, 0x000000070ed00000, 0x000000070ee00000|  0%| F|  |TAMS 0x000000070ed00000, 0x000000070ed00000| Untracked 
| 226|0x000000070ee00000, 0x000000070ee00000, 0x000000070ef00000|  0%| F|  |TAMS 0x000000070ee00000, 0x000000070ee00000| Untracked 
| 227|0x000000070ef00000, 0x000000070ef00000, 0x000000070f000000|  0%| F|  |TAMS 0x000000070ef00000, 0x000000070ef00000| Untracked 
| 228|0x000000070f000000, 0x000000070f000000, 0x000000070f100000|  0%| F|  |TAMS 0x000000070f000000, 0x000000070f000000| Untracked 
| 229|0x000000070f100000, 0x000000070f100000, 0x000000070f200000|  0%| F|  |TAMS 0x000000070f100000, 0x000000070f100000| Untracked 
| 230|0x000000070f200000, 0x000000070f200000, 0x000000070f300000|  0%| F|  |TAMS 0x000000070f200000, 0x000000070f200000| Untracked 
| 231|0x000000070f300000, 0x000000070f300000, 0x000000070f400000|  0%| F|  |TAMS 0x000000070f300000, 0x000000070f300000| Untracked 
| 232|0x000000070f400000, 0x000000070f400000, 0x000000070f500000|  0%| F|  |TAMS 0x000000070f400000, 0x000000070f400000| Untracked 
| 233|0x000000070f500000, 0x000000070f500000, 0x000000070f600000|  0%| F|  |TAMS 0x000000070f500000, 0x000000070f500000| Untracked 
| 234|0x000000070f600000, 0x000000070f600000, 0x000000070f700000|  0%| F|  |TAMS 0x000000070f600000, 0x000000070f600000| Untracked 
| 235|0x000000070f700000, 0x000000070f700000, 0x000000070f800000|  0%| F|  |TAMS 0x000000070f700000, 0x000000070f700000| Untracked 
| 236|0x000000070f800000, 0x000000070f800000, 0x000000070f900000|  0%| F|  |TAMS 0x000000070f800000, 0x000000070f800000| Untracked 
| 237|0x000000070f900000, 0x000000070f900000, 0x000000070fa00000|  0%| F|  |TAMS 0x000000070f900000, 0x000000070f900000| Untracked 
| 238|0x000000070fa00000, 0x000000070fa00000, 0x000000070fb00000|  0%| F|  |TAMS 0x000000070fa00000, 0x000000070fa00000| Untracked 
| 239|0x000000070fb00000, 0x000000070fb00000, 0x000000070fc00000|  0%| F|  |TAMS 0x000000070fb00000, 0x000000070fb00000| Untracked 
| 240|0x000000070fc00000, 0x000000070fc00000, 0x000000070fd00000|  0%| F|  |TAMS 0x000000070fc00000, 0x000000070fc00000| Untracked 
| 241|0x000000070fd00000, 0x000000070fd00000, 0x000000070fe00000|  0%| F|  |TAMS 0x000000070fd00000, 0x000000070fd00000| Untracked 
| 242|0x000000070fe00000, 0x000000070fe00000, 0x000000070ff00000|  0%| F|  |TAMS 0x000000070fe00000, 0x000000070fe00000| Untracked 
| 243|0x000000070ff00000, 0x000000070ff00000, 0x0000000710000000|  0%| F|  |TAMS 0x000000070ff00000, 0x000000070ff00000| Untracked 
| 244|0x0000000710000000, 0x0000000710000000, 0x0000000710100000|  0%| F|  |TAMS 0x0000000710000000, 0x0000000710000000| Untracked 
| 245|0x0000000710100000, 0x0000000710100000, 0x0000000710200000|  0%| F|  |TAMS 0x0000000710100000, 0x0000000710100000| Untracked 
| 246|0x0000000710200000, 0x0000000710200000, 0x0000000710300000|  0%| F|  |TAMS 0x0000000710200000, 0x0000000710200000| Untracked 
| 247|0x0000000710300000, 0x0000000710300000, 0x0000000710400000|  0%| F|  |TAMS 0x0000000710300000, 0x0000000710300000| Untracked 
| 248|0x0000000710400000, 0x0000000710400000, 0x0000000710500000|  0%| F|  |TAMS 0x0000000710400000, 0x0000000710400000| Untracked 
| 249|0x0000000710500000, 0x0000000710500000, 0x0000000710600000|  0%| F|  |TAMS 0x0000000710500000, 0x0000000710500000| Untracked 
| 250|0x0000000710600000, 0x0000000710600000, 0x0000000710700000|  0%| F|  |TAMS 0x0000000710600000, 0x0000000710600000| Untracked 
| 251|0x0000000710700000, 0x0000000710700000, 0x0000000710800000|  0%| F|  |TAMS 0x0000000710700000, 0x0000000710700000| Untracked 
| 252|0x0000000710800000, 0x0000000710800000, 0x0000000710900000|  0%| F|  |TAMS 0x0000000710800000, 0x0000000710800000| Untracked 
| 253|0x0000000710900000, 0x0000000710900000, 0x0000000710a00000|  0%| F|  |TAMS 0x0000000710900000, 0x0000000710900000| Untracked 
| 254|0x0000000710a00000, 0x0000000710a00000, 0x0000000710b00000|  0%| F|  |TAMS 0x0000000710a00000, 0x0000000710a00000| Untracked 
| 255|0x0000000710b00000, 0x0000000710b00000, 0x0000000710c00000|  0%| F|  |TAMS 0x0000000710b00000, 0x0000000710b00000| Untracked 
| 256|0x0000000710c00000, 0x0000000710c00000, 0x0000000710d00000|  0%| F|  |TAMS 0x0000000710c00000, 0x0000000710c00000| Untracked 
| 257|0x0000000710d00000, 0x0000000710d00000, 0x0000000710e00000|  0%| F|  |TAMS 0x0000000710d00000, 0x0000000710d00000| Untracked 
| 258|0x0000000710e00000, 0x0000000710e00000, 0x0000000710f00000|  0%| F|  |TAMS 0x0000000710e00000, 0x0000000710e00000| Untracked 
| 259|0x0000000710f00000, 0x0000000710f00000, 0x0000000711000000|  0%| F|  |TAMS 0x0000000710f00000, 0x0000000710f00000| Untracked 
| 260|0x0000000711000000, 0x0000000711000000, 0x0000000711100000|  0%| F|  |TAMS 0x0000000711000000, 0x0000000711000000| Untracked 
| 261|0x0000000711100000, 0x0000000711100000, 0x0000000711200000|  0%| F|  |TAMS 0x0000000711100000, 0x0000000711100000| Untracked 
| 262|0x0000000711200000, 0x0000000711200000, 0x0000000711300000|  0%| F|  |TAMS 0x0000000711200000, 0x0000000711200000| Untracked 
| 263|0x0000000711300000, 0x0000000711300000, 0x0000000711400000|  0%| F|  |TAMS 0x0000000711300000, 0x0000000711300000| Untracked 
| 264|0x0000000711400000, 0x0000000711400000, 0x0000000711500000|  0%| F|  |TAMS 0x0000000711400000, 0x0000000711400000| Untracked 
| 265|0x0000000711500000, 0x0000000711500000, 0x0000000711600000|  0%| F|  |TAMS 0x0000000711500000, 0x0000000711500000| Untracked 
| 266|0x0000000711600000, 0x0000000711600000, 0x0000000711700000|  0%| F|  |TAMS 0x0000000711600000, 0x0000000711600000| Untracked 
| 267|0x0000000711700000, 0x0000000711700000, 0x0000000711800000|  0%| F|  |TAMS 0x0000000711700000, 0x0000000711700000| Untracked 
| 268|0x0000000711800000, 0x0000000711800000, 0x0000000711900000|  0%| F|  |TAMS 0x0000000711800000, 0x0000000711800000| Untracked 
| 269|0x0000000711900000, 0x0000000711900000, 0x0000000711a00000|  0%| F|  |TAMS 0x0000000711900000, 0x0000000711900000| Untracked 
| 270|0x0000000711a00000, 0x0000000711a00000, 0x0000000711b00000|  0%| F|  |TAMS 0x0000000711a00000, 0x0000000711a00000| Untracked 
| 271|0x0000000711b00000, 0x0000000711b00000, 0x0000000711c00000|  0%| F|  |TAMS 0x0000000711b00000, 0x0000000711b00000| Untracked 
| 272|0x0000000711c00000, 0x0000000711c00000, 0x0000000711d00000|  0%| F|  |TAMS 0x0000000711c00000, 0x0000000711c00000| Untracked 
| 273|0x0000000711d00000, 0x0000000711d00000, 0x0000000711e00000|  0%| F|  |TAMS 0x0000000711d00000, 0x0000000711d00000| Untracked 
| 274|0x0000000711e00000, 0x0000000711e00000, 0x0000000711f00000|  0%| F|  |TAMS 0x0000000711e00000, 0x0000000711e00000| Untracked 
| 275|0x0000000711f00000, 0x0000000711f00000, 0x0000000712000000|  0%| F|  |TAMS 0x0000000711f00000, 0x0000000711f00000| Untracked 
| 276|0x0000000712000000, 0x0000000712000000, 0x0000000712100000|  0%| F|  |TAMS 0x0000000712000000, 0x0000000712000000| Untracked 
| 277|0x0000000712100000, 0x0000000712100000, 0x0000000712200000|  0%| F|  |TAMS 0x0000000712100000, 0x0000000712100000| Untracked 
| 278|0x0000000712200000, 0x0000000712200000, 0x0000000712300000|  0%| F|  |TAMS 0x0000000712200000, 0x0000000712200000| Untracked 
| 279|0x0000000712300000, 0x0000000712300000, 0x0000000712400000|  0%| F|  |TAMS 0x0000000712300000, 0x0000000712300000| Untracked 
| 280|0x0000000712400000, 0x0000000712400000, 0x0000000712500000|  0%| F|  |TAMS 0x0000000712400000, 0x0000000712400000| Untracked 
| 281|0x0000000712500000, 0x0000000712500000, 0x0000000712600000|  0%| F|  |TAMS 0x0000000712500000, 0x0000000712500000| Untracked 
| 282|0x0000000712600000, 0x0000000712600000, 0x0000000712700000|  0%| F|  |TAMS 0x0000000712600000, 0x0000000712600000| Untracked 
| 283|0x0000000712700000, 0x0000000712700000, 0x0000000712800000|  0%| F|  |TAMS 0x0000000712700000, 0x0000000712700000| Untracked 
| 284|0x0000000712800000, 0x0000000712800000, 0x0000000712900000|  0%| F|  |TAMS 0x0000000712800000, 0x0000000712800000| Untracked 
| 285|0x0000000712900000, 0x0000000712900000, 0x0000000712a00000|  0%| F|  |TAMS 0x0000000712900000, 0x0000000712900000| Untracked 
| 286|0x0000000712a00000, 0x0000000712a00000, 0x0000000712b00000|  0%| F|  |TAMS 0x0000000712a00000, 0x0000000712a00000| Untracked 
| 287|0x0000000712b00000, 0x0000000712b00000, 0x0000000712c00000|  0%| F|  |TAMS 0x0000000712b00000, 0x0000000712b00000| Untracked 
| 288|0x0000000712c00000, 0x0000000712c00000, 0x0000000712d00000|  0%| F|  |TAMS 0x0000000712c00000, 0x0000000712c00000| Untracked 
| 289|0x0000000712d00000, 0x0000000712e00000, 0x0000000712e00000|100%| E|  |TAMS 0x0000000712d00000, 0x0000000712d00000| Complete 
| 290|0x0000000712e00000, 0x0000000712f00000, 0x0000000712f00000|100%| E|CS|TAMS 0x0000000712e00000, 0x0000000712e00000| Complete 
| 291|0x0000000712f00000, 0x0000000713000000, 0x0000000713000000|100%| E|CS|TAMS 0x0000000712f00000, 0x0000000712f00000| Complete 
| 292|0x0000000713000000, 0x0000000713100000, 0x0000000713100000|100%| E|CS|TAMS 0x0000000713000000, 0x0000000713000000| Complete 
| 293|0x0000000713100000, 0x0000000713200000, 0x0000000713200000|100%| E|CS|TAMS 0x0000000713100000, 0x0000000713100000| Complete 
| 294|0x0000000713200000, 0x0000000713300000, 0x0000000713300000|100%| E|CS|TAMS 0x0000000713200000, 0x0000000713200000| Complete 
| 295|0x0000000713300000, 0x0000000713400000, 0x0000000713400000|100%| E|CS|TAMS 0x0000000713300000, 0x0000000713300000| Complete 
| 296|0x0000000713400000, 0x0000000713500000, 0x0000000713500000|100%| E|CS|TAMS 0x0000000713400000, 0x0000000713400000| Complete 
| 297|0x0000000713500000, 0x0000000713600000, 0x0000000713600000|100%| E|CS|TAMS 0x0000000713500000, 0x0000000713500000| Complete 
| 298|0x0000000713600000, 0x0000000713700000, 0x0000000713700000|100%| E|CS|TAMS 0x0000000713600000, 0x0000000713600000| Complete 
| 299|0x0000000713700000, 0x0000000713800000, 0x0000000713800000|100%| E|CS|TAMS 0x0000000713700000, 0x0000000713700000| Complete 
| 300|0x0000000713800000, 0x0000000713900000, 0x0000000713900000|100%| E|CS|TAMS 0x0000000713800000, 0x0000000713800000| Complete 
| 301|0x0000000713900000, 0x0000000713a00000, 0x0000000713a00000|100%| E|CS|TAMS 0x0000000713900000, 0x0000000713900000| Complete 
| 302|0x0000000713a00000, 0x0000000713b00000, 0x0000000713b00000|100%| E|CS|TAMS 0x0000000713a00000, 0x0000000713a00000| Complete 
| 303|0x0000000713b00000, 0x0000000713c00000, 0x0000000713c00000|100%| E|CS|TAMS 0x0000000713b00000, 0x0000000713b00000| Complete 
| 304|0x0000000713c00000, 0x0000000713d00000, 0x0000000713d00000|100%| E|CS|TAMS 0x0000000713c00000, 0x0000000713c00000| Complete 
| 305|0x0000000713d00000, 0x0000000713e00000, 0x0000000713e00000|100%| E|CS|TAMS 0x0000000713d00000, 0x0000000713d00000| Complete 
| 306|0x0000000713e00000, 0x0000000713f00000, 0x0000000713f00000|100%| E|CS|TAMS 0x0000000713e00000, 0x0000000713e00000| Complete 
| 307|0x0000000713f00000, 0x0000000714000000, 0x0000000714000000|100%| E|CS|TAMS 0x0000000713f00000, 0x0000000713f00000| Complete 

Card table byte_map: [0x0000025ea5640000,0x0000025ea5e40000] _byte_map_base: 0x0000025ea1e3a000

Marking Bits (Prev, Next): (CMBitMap*) 0x0000025e8db68b98, (CMBitMap*) 0x0000025e8db68bd0
 Prev Bits: [0x0000025ea6640000, 0x0000025eaa610000)
 Next Bits: [0x0000025eaa610000, 0x0000025eae5e0000)

Polling page: 0x0000025e8c050000

Metaspace:

Usage:
  Non-class:     42.33 MB capacity,    41.67 MB ( 98%) used,   535.44 KB (  1%) free+waste,   142.63 KB ( <1%) overhead. 
      Class:      5.59 MB capacity,     5.11 MB ( 91%) used,   419.32 KB (  7%) free+waste,    67.19 KB (  1%) overhead. 
       Both:     47.92 MB capacity,    46.78 MB ( 98%) used,   954.76 KB (  2%) free+waste,   209.81 KB ( <1%) overhead. 

Virtual space:
  Non-class space:       44.00 MB reserved,      42.42 MB ( 96%) committed 
      Class space:        1.00 GB reserved,       5.63 MB ( <1%) committed 
             Both:        1.04 GB reserved,      48.05 MB (  4%) committed 

Chunk freelists:
   Non-Class:  3.38 KB
       Class:  640 bytes
        Both:  4.00 KB

CodeHeap 'non-profiled nmethods': size=120000Kb used=3592Kb max_used=3592Kb free=116407Kb
 bounds [0x0000025e9cc90000, 0x0000025e9d020000, 0x0000025ea41c0000]
CodeHeap 'profiled nmethods': size=120000Kb used=11934Kb max_used=11934Kb free=108065Kb
 bounds [0x0000025e95760000, 0x0000025e96310000, 0x0000025e9cc90000]
CodeHeap 'non-nmethods': size=5760Kb used=1188Kb max_used=1242Kb free=4571Kb
 bounds [0x0000025e951c0000, 0x0000025e95430000, 0x0000025e95760000]
 total_blobs=5732 nmethods=5196 adapters=447
 compilation: enabled
              stopped_count=0, restarted_count=0
 full_count=0

Compilation events (10 events):
Event: 9.837 Thread 0x0000025eb1cab000 5205       3       sun.nio.ch.SelectorImpl::ensureOpen (16 bytes)
Event: 9.837 Thread 0x0000025eb1cab000 nmethod 5205 0x0000025e96305790 code [0x0000025e96305960, 0x0000025e96305c48]
Event: 9.837 Thread 0x0000025eb1cab000 5206  s    3       org.apache.tomcat.util.collections.SynchronizedQueue::size (23 bytes)
Event: 9.837 Thread 0x0000025eb1cab000 nmethod 5206 0x0000025e96305d90 code [0x0000025e96305f20, 0x0000025e963061f8]
Event: 9.837 Thread 0x0000025eb1cab000 5213       3       java.nio.HeapByteBuffer::slice (45 bytes)
Event: 9.837 Thread 0x0000025eb1cab000 nmethod 5213 0x0000025e96306290 code [0x0000025e96306440, 0x0000025e96306748]
Event: 9.837 Thread 0x0000025eb1cab000 5215       3       org.apache.catalina.connector.OutputBuffer::appendByteArray (61 bytes)
Event: 9.838 Thread 0x0000025eb1cab000 nmethod 5215 0x0000025e96306890 code [0x0000025e96306aa0, 0x0000025e96307078]
Event: 9.838 Thread 0x0000025eb1cab000 5214       3       org.apache.coyote.http11.Http11OutputBuffer::doWrite (56 bytes)
Event: 9.838 Thread 0x0000025eb1cab000 nmethod 5214 0x0000025e96307310 code [0x0000025e963074e0, 0x0000025e963078c8]

GC Heap History (10 events):
Event: 0.327 GC heap before
{Heap before GC invocations=0 (full 0):
 garbage-first heap   total 262144K, used 23552K [0x0000000700c00000, 0x0000000800000000)
  region size 1024K, 24 young (24576K), 0 survivors (0K)
 Metaspace       used 11021K, capacity 11289K, committed 11392K, reserved 1058816K
  class space    used 986K, capacity 1061K, committed 1152K, reserved 1048576K
}
Event: 0.330 GC heap after
{Heap after GC invocations=1 (full 0):
 garbage-first heap   total 262144K, used 2634K [0x0000000700c00000, 0x0000000800000000)
  region size 1024K, 3 young (3072K), 3 survivors (3072K)
 Metaspace       used 11021K, capacity 11289K, committed 11392K, reserved 1058816K
  class space    used 986K, capacity 1061K, committed 1152K, reserved 1048576K
}
Event: 0.737 GC heap before
{Heap before GC invocations=1 (full 0):
 garbage-first heap   total 262144K, used 74314K [0x0000000700c00000, 0x0000000800000000)
  region size 1024K, 74 young (75776K), 3 survivors (3072K)
 Metaspace       used 20636K, capacity 21215K, committed 21296K, reserved 1069056K
  class space    used 2226K, capacity 2414K, committed 2432K, reserved 1048576K
}
Event: 0.742 GC heap after
{Heap after GC invocations=2 (full 0):
 garbage-first heap   total 262144K, used 5089K [0x0000000700c00000, 0x0000000800000000)
  region size 1024K, 5 young (5120K), 5 survivors (5120K)
 Metaspace       used 20636K, capacity 21215K, committed 21296K, reserved 1069056K
  class space    used 2226K, capacity 2414K, committed 2432K, reserved 1048576K
}
Event: 1.121 GC heap before
{Heap before GC invocations=3 (full 0):
 garbage-first heap   total 262144K, used 91105K [0x0000000700c00000, 0x0000000800000000)
  region size 1024K, 89 young (91136K), 5 survivors (5120K)
 Metaspace       used 26452K, capacity 27221K, committed 27312K, reserved 1073152K
  class space    used 3005K, capacity 3286K, committed 3328K, reserved 1048576K
}
Event: 1.126 GC heap after
{Heap after GC invocations=4 (full 0):
 garbage-first heap   total 262144K, used 7123K [0x0000000700c00000, 0x0000000800000000)
  region size 1024K, 7 young (7168K), 7 survivors (7168K)
 Metaspace       used 26452K, capacity 27221K, committed 27312K, reserved 1073152K
  class space    used 3005K, capacity 3286K, committed 3328K, reserved 1048576K
}
Event: 2.455 GC heap before
{Heap before GC invocations=4 (full 0):
 garbage-first heap   total 262144K, used 107475K [0x0000000700c00000, 0x0000000800000000)
  region size 1024K, 106 young (108544K), 7 survivors (7168K)
 Metaspace       used 34725K, capacity 35661K, committed 35708K, reserved 1081344K
  class space    used 3956K, capacity 4330K, committed 4352K, reserved 1048576K
}
Event: 2.465 GC heap after
{Heap after GC invocations=5 (full 0):
 garbage-first heap   total 262144K, used 11416K [0x0000000700c00000, 0x0000000800000000)
  region size 1024K, 12 young (12288K), 12 survivors (12288K)
 Metaspace       used 34725K, capacity 35661K, committed 35708K, reserved 1081344K
  class space    used 3956K, capacity 4330K, committed 4352K, reserved 1048576K
}
Event: 9.609 GC heap before
{Heap before GC invocations=6 (full 0):
 garbage-first heap   total 262144K, used 140440K [0x0000000700c00000, 0x0000000800000000)
  region size 1024K, 138 young (141312K), 12 survivors (12288K)
 Metaspace       used 46698K, capacity 47830K, committed 48048K, reserved 1091584K
  class space    used 5114K, capacity 5568K, committed 5632K, reserved 1048576K
}
Event: 9.619 GC heap after
{Heap after GC invocations=7 (full 0):
 garbage-first heap   total 315392K, used 17061K [0x0000000700c00000, 0x0000000800000000)
  region size 1024K, 15 young (15360K), 15 survivors (15360K)
 Metaspace       used 46698K, capacity 47830K, committed 48048K, reserved 1091584K
  class space    used 5114K, capacity 5568K, committed 5632K, reserved 1048576K
}

Deoptimization events (10 events):
Event: 9.641 Thread 0x0000025eb45f1000 Uncommon trap: reason=bimorphic_or_optimized_type_check action=maybe_recompile pc=0x0000025e9cd4e610 method=jdk.internal.loader.URLClassPath.getResource(Ljava/lang/String;Z)Ljdk/internal/loader/Resource; @ 53 c2
Event: 9.666 Thread 0x0000025eb6dfe000 Uncommon trap: reason=class_check action=maybe_recompile pc=0x0000025e9cdcf228 method=java.util.concurrent.ConcurrentHashMap.putVal(Ljava/lang/Object;Ljava/lang/Object;Z)Ljava/lang/Object; @ 242 c2
Event: 9.666 Thread 0x0000025eb6ff1800 Uncommon trap: reason=class_check action=maybe_recompile pc=0x0000025e9cdcf1b4 method=java.util.concurrent.ConcurrentHashMap.putVal(Ljava/lang/Object;Ljava/lang/Object;Z)Ljava/lang/Object; @ 159 c2
Event: 9.666 Thread 0x0000025eb725e800 Uncommon trap: reason=class_check action=maybe_recompile pc=0x0000025e9cdcf228 method=java.util.concurrent.ConcurrentHashMap.putVal(Ljava/lang/Object;Ljava/lang/Object;Z)Ljava/lang/Object; @ 242 c2
Event: 9.666 Thread 0x0000025eb7264000 Uncommon trap: reason=class_check action=maybe_recompile pc=0x0000025e9cdcf228 method=java.util.concurrent.ConcurrentHashMap.putVal(Ljava/lang/Object;Ljava/lang/Object;Z)Ljava/lang/Object; @ 242 c2
Event: 9.675 Thread 0x0000025eb7260000 Uncommon trap: reason=unstable_if action=reinterpret pc=0x0000025e9cde3fd8 method=java.util.Objects.equals(Ljava/lang/Object;Ljava/lang/Object;)Z @ 6 c2
Event: 9.713 Thread 0x0000025eb7265000 Uncommon trap: reason=unstable_if action=reinterpret pc=0x0000025e9cf31b38 method=java.lang.reflect.Executable.declaredAnnotations()Ljava/util/Map; @ 19 c2
Event: 9.719 Thread 0x0000025eb4296800 Uncommon trap: reason=unstable_if action=reinterpret pc=0x0000025e9cf33da0 method=java.lang.Integer.stringSize(I)I @ 3 c2
Event: 9.804 Thread 0x0000025eb7261800 Uncommon trap: reason=class_check action=maybe_recompile pc=0x0000025e9ceb95a0 method=java.util.regex.Pattern$Slice.match(Ljava/util/regex/Matcher;ILjava/lang/CharSequence;)Z @ 75 c2
Event: 9.805 Thread 0x0000025eb7262800 Uncommon trap: reason=class_check action=maybe_recompile pc=0x0000025e9ceb95a0 method=java.util.regex.Pattern$Slice.match(Ljava/util/regex/Matcher;ILjava/lang/CharSequence;)Z @ 75 c2

Classes redefined (0 events):
No events

Internal exceptions (10 events):
Event: 9.577 Thread 0x0000025eb45f1000 Exception <a 'java/lang/ClassNotFoundException'{0x0000000708953218}: javax/servlet/jsp/PageContextCustomizer> (0x0000000708953218) thrown at [./open/src/hotspot/share/classfile/systemDictionary.cpp, line 226]
Event: 9.578 Thread 0x0000025eb45f1000 Exception <a 'java/lang/ClassNotFoundException'{0x000000070898e1b8}: org/apache/jasper/runtime/PageContextImplCustomizer> (0x000000070898e1b8) thrown at [./open/src/hotspot/share/classfile/systemDictionary.cpp, line 226]
Event: 9.580 Thread 0x0000025eb45f1000 Exception <a 'java/lang/ClassNotFoundException'{0x00000007089e09d0}: org/apache/catalina/core/ApplicationHttpRequestBeanInfo> (0x00000007089e09d0) thrown at [./open/src/hotspot/share/classfile/systemDictionary.cpp, line 226]
Event: 9.580 Thread 0x0000025eb45f1000 Exception <a 'java/lang/ClassNotFoundException'{0x0000000708803118}: javax/servlet/http/HttpServletRequestWrapperBeanInfo> (0x0000000708803118) thrown at [./open/src/hotspot/share/classfile/systemDictionary.cpp, line 226]
Event: 9.581 Thread 0x0000025eb45f1000 Exception <a 'java/lang/ClassNotFoundException'{0x0000000708823ea8}: javax/servlet/ServletRequestWrapperBeanInfo> (0x0000000708823ea8) thrown at [./open/src/hotspot/share/classfile/systemDictionary.cpp, line 226]
Event: 9.581 Thread 0x0000025eb45f1000 Exception <a 'java/lang/ClassNotFoundException'{0x0000000708844910}: javax/servlet/ServletRequestWrapperCustomizer> (0x0000000708844910) thrown at [./open/src/hotspot/share/classfile/systemDictionary.cpp, line 226]
Event: 9.582 Thread 0x0000025eb45f1000 Exception <a 'java/lang/ClassNotFoundException'{0x00000007088896e8}: javax/servlet/http/HttpServletRequestWrapperCustomizer> (0x00000007088896e8) thrown at [./open/src/hotspot/share/classfile/systemDictionary.cpp, line 226]
Event: 9.583 Thread 0x0000025eb45f1000 Exception <a 'java/lang/ClassNotFoundException'{0x00000007088d0278}: org/apache/catalina/core/ApplicationHttpRequestCustomizer> (0x00000007088d0278) thrown at [./open/src/hotspot/share/classfile/systemDictionary.cpp, line 226]
Event: 9.593 Thread 0x0000025eb45f1000 Exception <a 'java/lang/ArrayIndexOutOfBoundsException'{0x0000000708603208}> (0x0000000708603208) thrown at [./open/src/hotspot/share/runtime/sharedRuntime.cpp, line 605]
Event: 9.690 Thread 0x0000025eb4296800 Exception <a 'java/lang/IllegalArgumentException'{0x00000007134a5a98}> (0x00000007134a5a98) thrown at [./open/src/hotspot/share/prims/jvm.cpp, line 1309]

Events (10 events):
Event: 9.808 loading class org/springframework/web/util/HierarchicalUriComponents$EncodeState
Event: 9.808 loading class org/springframework/web/util/HierarchicalUriComponents$EncodeState done
Event: 9.825 Executing VM operation: RevokeBias
Event: 9.826 Executing VM operation: RevokeBias done
Event: 9.830 Executing VM operation: RevokeBias
Event: 9.830 Executing VM operation: RevokeBias done
Event: 9.838 Executing VM operation: RevokeBias
Event: 9.838 Executing VM operation: RevokeBias done
Event: 9.838 Executing VM operation: RevokeBias
Event: 9.838 Executing VM operation: RevokeBias done


Dynamic libraries:
0x00007ff747d40000 - 0x00007ff747d4f000 	C:\Program Files\Java\jdk-11.0.15\bin\java.exe
0x00007ffc25f10000 - 0x00007ffc26105000 	C:\Windows\SYSTEM32\ntdll.dll
0x00007ffc24770000 - 0x00007ffc2482d000 	C:\Windows\System32\KERNEL32.DLL
0x00007ffc236f0000 - 0x00007ffc239bd000 	C:\Windows\System32\KERNELBASE.dll
0x00007ffc23a80000 - 0x00007ffc23b80000 	C:\Windows\System32\ucrtbase.dll
0x00007ffc1e0e0000 - 0x00007ffc1e0f5000 	C:\Program Files\Java\jdk-11.0.15\bin\VCRUNTIME140.dll
0x00007ffc0c680000 - 0x00007ffc0c698000 	C:\Program Files\Java\jdk-11.0.15\bin\jli.dll
0x00007ffc25290000 - 0x00007ffc2533e000 	C:\Windows\System32\ADVAPI32.dll
0x00007ffc25050000 - 0x00007ffc250ee000 	C:\Windows\System32\msvcrt.dll
0x00007ffc246d0000 - 0x00007ffc2476c000 	C:\Windows\System32\sechost.dll
0x00007ffc242f0000 - 0x00007ffc24415000 	C:\Windows\System32\RPCRT4.dll
0x00007ffc25b10000 - 0x00007ffc25cb0000 	C:\Windows\System32\USER32.dll
0x00007ffc236c0000 - 0x00007ffc236e2000 	C:\Windows\System32\win32u.dll
0x00007ffc10a80000 - 0x00007ffc10d1a000 	C:\Windows\WinSxS\amd64_microsoft.windows.common-controls_6595b64144ccf1df_6.0.19041.1110_none_60b5254171f9507e\COMCTL32.dll
0x00007ffc25940000 - 0x00007ffc2596a000 	C:\Windows\System32\GDI32.dll
0x00007ffc23c40000 - 0x00007ffc23d4b000 	C:\Windows\System32\gdi32full.dll
0x00007ffc23620000 - 0x00007ffc236bd000 	C:\Windows\System32\msvcp_win.dll
0x00007ffc1c410000 - 0x00007ffc1c41a000 	C:\Windows\SYSTEM32\VERSION.dll
0x00007ffc23f60000 - 0x00007ffc23f90000 	C:\Windows\System32\IMM32.DLL
0x00007ffbff900000 - 0x00007ffbff99b000 	C:\Program Files\Java\jdk-11.0.15\bin\msvcp140.dll
0x00007ffbafb40000 - 0x00007ffbb0656000 	C:\Program Files\Java\jdk-11.0.15\bin\server\jvm.dll
0x00007ffc246c0000 - 0x00007ffc246c8000 	C:\Windows\System32\PSAPI.DLL
0x00007ffc1f180000 - 0x00007ffc1f189000 	C:\Windows\SYSTEM32\WSOCK32.dll
0x00007ffc19440000 - 0x00007ffc19467000 	C:\Windows\SYSTEM32\WINMM.dll
0x00007ffc24fe0000 - 0x00007ffc2504b000 	C:\Windows\System32\WS2_32.dll
0x00007ffc21540000 - 0x00007ffc21552000 	C:\Windows\SYSTEM32\kernel.appcore.dll
0x00007ffc1f190000 - 0x00007ffc1f1a0000 	C:\Program Files\Java\jdk-11.0.15\bin\verify.dll
0x00007ffc176f0000 - 0x00007ffc178d4000 	C:\Windows\SYSTEM32\DBGHELP.DLL
0x00007ffc0aab0000 - 0x00007ffc0aadc000 	C:\Windows\SYSTEM32\dbgcore.DLL
0x00007ffc239c0000 - 0x00007ffc23a42000 	C:\Windows\System32\bcryptPrimitives.dll
0x00007ffc0b260000 - 0x00007ffc0b288000 	C:\Program Files\Java\jdk-11.0.15\bin\java.dll
0x00007ffc1f150000 - 0x00007ffc1f15a000 	C:\Program Files\Java\jdk-11.0.15\bin\jimage.dll
0x00007ffc08060000 - 0x00007ffc08076000 	C:\Program Files\Java\jdk-11.0.15\bin\zip.dll
0x00007ffc24830000 - 0x00007ffc24f74000 	C:\Windows\System32\SHELL32.dll
0x00007ffc21740000 - 0x00007ffc21ed4000 	C:\Windows\SYSTEM32\windows.storage.dll
0x00007ffc23f90000 - 0x00007ffc242e4000 	C:\Windows\System32\combase.dll
0x00007ffc23080000 - 0x00007ffc230ac000 	C:\Windows\SYSTEM32\Wldp.dll
0x00007ffc25a60000 - 0x00007ffc25b0d000 	C:\Windows\System32\SHCORE.dll
0x00007ffc25cb0000 - 0x00007ffc25d05000 	C:\Windows\System32\shlwapi.dll
0x00007ffc23560000 - 0x00007ffc2357f000 	C:\Windows\SYSTEM32\profapi.dll
0x00007ffc07b80000 - 0x00007ffc07b99000 	C:\Program Files\Java\jdk-11.0.15\bin\net.dll
0x00007ffc1d360000 - 0x00007ffc1d46a000 	C:\Windows\SYSTEM32\WINHTTP.dll
0x00007ffc22de0000 - 0x00007ffc22e4a000 	C:\Windows\system32\mswsock.dll
0x00007ffc07b60000 - 0x00007ffc07b72000 	C:\Program Files\Java\jdk-11.0.15\bin\nio.dll
0x00007ffc1e0d0000 - 0x00007ffc1e0d9000 	C:\Program Files\Java\jdk-11.0.15\bin\management.dll
0x00007ffc0fb30000 - 0x00007ffc0fb3b000 	C:\Program Files\Java\jdk-11.0.15\bin\management_ext.dll
0x00007ffbfdf90000 - 0x00007ffbfdfa7000 	C:\Windows\system32\napinsp.dll
0x00007ffbfdf30000 - 0x00007ffbfdf4b000 	C:\Windows\system32\pnrpnsp.dll
0x00007ffc1e3c0000 - 0x00007ffc1e3d5000 	C:\Windows\system32\wshbth.dll
0x00007ffc1f080000 - 0x00007ffc1f09d000 	C:\Windows\system32\NLAapi.dll
0x00007ffc22a80000 - 0x00007ffc22abb000 	C:\Windows\SYSTEM32\IPHLPAPI.DLL
0x00007ffc22ad0000 - 0x00007ffc22b9b000 	C:\Windows\SYSTEM32\DNSAPI.dll
0x00007ffc24420000 - 0x00007ffc24428000 	C:\Windows\System32\NSI.dll
0x00007ffbfdbe0000 - 0x00007ffbfdbf2000 	C:\Windows\System32\winrnr.dll
0x00007ffc1a920000 - 0x00007ffc1a92a000 	C:\Windows\System32\rasadhlp.dll
0x00007ffc19f90000 - 0x00007ffc1a010000 	C:\Windows\System32\fwpuclnt.dll
0x00007ffc23a50000 - 0x00007ffc23a77000 	C:\Windows\System32\bcrypt.dll
0x00007ffc22fd0000 - 0x00007ffc22fe8000 	C:\Windows\SYSTEM32\CRYPTSP.dll
0x00007ffc226f0000 - 0x00007ffc22724000 	C:\Windows\system32\rsaenh.dll
0x00007ffc23520000 - 0x00007ffc2354e000 	C:\Windows\SYSTEM32\USERENV.dll
0x00007ffc22ff0000 - 0x00007ffc22ffc000 	C:\Windows\SYSTEM32\CRYPTBASE.dll
0x00007ffc1cb90000 - 0x00007ffc1cba7000 	C:\Windows\SYSTEM32\dhcpcsvc6.DLL
0x00007ffc1cac0000 - 0x00007ffc1cadd000 	C:\Windows\SYSTEM32\dhcpcsvc.DLL

dbghelp: loaded successfully - version: 4.0.5 - missing functions: none
symbol engine: initialized successfully - sym options: 0x614 - pdb path: .;C:\Program Files\Java\jdk-11.0.15\bin;C:\Windows\SYSTEM32;C:\Windows\WinSxS\amd64_microsoft.windows.common-controls_6595b64144ccf1df_6.0.19041.1110_none_60b5254171f9507e;C:\Program Files\Java\jdk-11.0.15\bin\server

VM Arguments:
jvm_args: -Dfile.encoding=windows-1252 
java_command: Z:\EternumGame\target\EternumGame.war
java_class_path (initial): Z:\EternumGame\target\EternumGame.war
Launcher Type: SUN_STANDARD

[Global flags]
     intx CICompilerCount                          = 4                                         {product} {ergonomic}
     uint ConcGCThreads                            = 3                                         {product} {ergonomic}
     uint G1ConcRefinementThreads                  = 10                                        {product} {ergonomic}
   size_t G1HeapRegionSize                         = 1048576                                   {product} {ergonomic}
    uintx GCDrainStackTargetSize                   = 64                                        {product} {ergonomic}
   size_t InitialHeapSize                          = 268435456                                 {product} {ergonomic}
   size_t MarkStackSize                            = 4194304                                   {product} {ergonomic}
   size_t MaxHeapSize                              = 4282384384                                {product} {ergonomic}
   size_t MaxNewSize                               = 2569011200                                {product} {ergonomic}
   size_t MinHeapDeltaBytes                        = 1048576                                   {product} {ergonomic}
    uintx NonNMethodCodeHeapSize                   = 5836300                                {pd product} {ergonomic}
    uintx NonProfiledCodeHeapSize                  = 122910970                              {pd product} {ergonomic}
    uintx ProfiledCodeHeapSize                     = 122910970                              {pd product} {ergonomic}
    uintx ReservedCodeCacheSize                    = 251658240                              {pd product} {ergonomic}
     bool SegmentedCodeCache                       = true                                      {product} {ergonomic}
     bool UseCompressedClassPointers               = true                                 {lp64_product} {ergonomic}
     bool UseCompressedOops                        = true                                 {lp64_product} {ergonomic}
     bool UseG1GC                                  = true                                      {product} {ergonomic}
     bool UseLargePagesIndividualAllocation        = false                                  {pd product} {ergonomic}

Logging:
Log output configuration:
 #0: stdout all=warning uptime,level,tags
 #1: stderr all=off uptime,level,tags

Environment Variables:
JAVA_HOME=C:\Program Files\Java\jdk-11.0.15
PATH=C:\Program Files\Common Files\Oracle\Java\javapath;C:\Windows\system32;C:\Windows;C:\Windows\System32\Wbem;C:\Windows\System32\WindowsPowerShell\v1.0\;C:\Windows\System32\OpenSSH\;C:\Program Files\Java\jdk-11.0.15\bin;C:\apache-maven-3.8.5\bin;C:\Program Files\NVIDIA Corporation\NVIDIA NvDLISR;C:\Program Files (x86)\NVIDIA Corporation\PhysX\Common;C:\Users\Madriler\AppData\Local\Microsoft\WindowsApps;;C:\Program Files\JetBrains\IntelliJ IDEA Community Edition 2022.1.1\bin;;C:\Users\Madriler\AppData\Local\Programs\Microsoft VS Code\bin
USERNAME=Madriler
OS=Windows_NT
PROCESSOR_IDENTIFIER=AMD64 Family 23 Model 113 Stepping 0, AuthenticAMD



---------------  S Y S T E M  ---------------

OS: Windows 10 , 64 bit Build 19041 (10.0.19041.1706)

CPU:total 12 (initial active 12) (12 cores per cpu, 2 threads per core) family 23 model 113 stepping 0 microcode 0x0, cmov, cx8, fxsr, mmx, sse, sse2, sse3, ssse3, sse4.1, sse4.2, popcnt, avx, avx2, aes, clmul, mmxext, 3dnowpref, lzcnt, sse4a, ht, tsc, tscinvbit, tscinv, bmi1, bmi2, adx,

Memory: 4k page, system-wide physical 16332M (8897M free)
TotalPageFile size 19276M (AvailPageFile size 7908M)
current process WorkingSet (physical memory assigned to process): 385M, peak: 385M
current process commit charge ("private bytes"): 570M, peak: 570M

vm_info: Java HotSpot(TM) 64-Bit Server VM (11.0.15+8-LTS-149) for windows-amd64 JRE (11.0.15+8-LTS-149), built on Mar  9 2022 22:42:32 by "mach5one" with MS VC++ 15.9 (VS2017)

END.
